ASV94_count_1070	gi|1509790295|gb|MH251808.1|	89.538	411	43	0	1	411	165	575	2.39e-143	521	468654	Habrotrocha lata
ASV94_count_1070	gi|134141780|gb|EF173254.1|	89.051	411	45	0	1	411	242	652	5.18e-140	510	104782	Adineta vaga
ASV94_count_1070	gi|659495587|gb|KJ543649.1|	89.051	411	45	0	1	411	90	500	5.18e-140	510	1511454	Bdelloidea sp. Bd32_02
ASV94_count_1070	gi|157365462|gb|EF650591.1|	88.564	411	47	0	1	411	242	652	1.12e-136	499	104788	Macrotrachela quadricornifera
ASV94_count_1070	gi|134141788|gb|EF173258.1|	88.564	411	47	0	1	411	213	623	1.12e-136	499	104782	Adineta vaga
ASV94_count_1070	gi|134141776|gb|EF173252.1|	88.321	411	48	0	1	411	242	652	5.22e-135	494	104782	Adineta vaga
ASV94_count_1070	gi|134141720|gb|EF173224.1|	88.321	411	48	0	1	411	242	652	5.22e-135	494	104782	Adineta vaga
ASV94_count_1070	gi|157365408|gb|EF650564.1|	88.078	411	49	0	1	411	242	652	2.43e-133	488	317506	Bdelloidea environmental sample
ASV94_count_1070	gi|301068914|gb|GQ465638.1|	88.078	411	49	0	1	411	190	600	2.43e-133	488	433695	Adineta gracilis
ASV94_count_1070	gi|301068910|gb|GQ465636.1|	88.078	411	49	0	1	411	230	640	2.43e-133	488	433695	Adineta gracilis
ASV95_count_1069	gi|2644121247|gb|PP069585.1|	85.714	91	12	1	305	394	549	639	6.14e-15	95.3	3091089	Philine vestita
ASV97_count_1032	gi|1070693975|gb|KX053103.1|	97.044	406	12	0	1	406	246	651	0.0	684	1900699	Entomobryidae sp. sc_04973
ASV97_count_1032	gi|1070693971|gb|KX053101.1|	99.732	373	1	0	36	408	1	373	0.0	684	1900698	Entomobryidae sp. sc_04935
ASV97_count_1032	gi|764697676|gb|KM978369.1|	92.892	408	29	0	1	408	246	653	4.96e-165	593	1588064;1588069	Salina sp. BXW-2014;Salina celebensis
ASV97_count_1032	gi|1486857446|dbj|LC422911.1|	92.647	408	30	0	1	408	212	619	2.31e-163	588	2316458	Paronellidae sp. SK-2018A
ASV97_count_1032	gi|1824665604|ref|NC_046522.1|	92.402	408	31	0	1	408	1671	2078	1.07e-161	582	1588069	Salina celebensis
ASV98_count_1031	gi|2320776884|gb|CP075528.1|	89.526	401	38	4	1	399	1467961	1468359	2.33e-138	505	1894999	Enhydrobacter sp.
ASV98_count_1031	gi|2515462020|gb|CP126889.1|	88.337	403	39	8	1	399	356126	355728	5.09e-130	477	1894999	Enhydrobacter sp.
ASV98_count_1031	gi|1952965593|dbj|AP024269.1|	87.636	275	34	0	125	399	1327110	1327384	9.08e-83	320	2795690	Kaistia sp. 32K
ASV98_count_1031	gi|2740307369|emb|OZ035981.1|	85.047	321	40	6	69	382	781989	782308	9.08e-83	320	74313	Brevundimonas subvibrioides
ASV99_count_1029	gi|1972893186|gb|MW560669.1|	97.443	352	9	0	1	352	213	564	2.97e-167	601	2805303	Milnesium sp. GF.089
ASV99_count_1029	gi|1972893188|gb|MW560670.1|	97.429	350	9	0	3	352	215	564	3.84e-166	597	2805304	Milnesium sp. GF.196
ASV99_count_1029	gi|1972893184|gb|MW560668.1|	97.159	352	10	0	1	352	213	564	1.38e-165	595	2805302	Milnesium sp. GF.083
ASV99_count_1029	gi|1822143209|gb|MK492303.1|	94.022	368	22	0	1	368	213	580	3.89e-156	564	2509336	Milnesium sp. PH.014
ASV99_count_1029	gi|1972893182|gb|MW560667.1|	96.471	340	12	0	1	340	218	557	1.40e-155	562	2805301	Milnesium sp. AR.470
ASV99_count_1029	gi|2624856123|gb|OR887203.1|	96.471	340	12	0	1	340	194	533	1.40e-155	562	3102691	Milnesium sp. 1 EBG-2023a
ASV99_count_1029	gi|1972893216|gb|MW560683.1|	95.129	349	17	0	1	349	218	566	3.03e-152	551	2805321	Milnesium sp. VN.045
ASV99_count_1029	gi|1972893180|gb|MW560666.1|	95.882	340	14	0	1	340	218	557	3.03e-152	551	2805300	Milnesium sp. AR.437
ASV99_count_1029	gi|1972893192|gb|MW560672.1|	94.318	352	20	0	1	352	218	569	6.56e-149	540	2805307	Milnesium sp. ID.711
ASV99_count_1029	gi|1972893199|gb|MW560675.1|	94.318	352	20	0	1	352	185	536	6.56e-149	540	2805311	Milnesium sp. ID.950
ASV100_count_1024	gi|695089307|gb|KJ965328.1|	89.535	86	7	2	119	203	321	405	7.88e-19	108	1553051	Amara consularis
ASV100_count_1024	gi|1397616272|gb|MH300875.1|	89.535	86	7	2	119	203	364	448	7.88e-19	108	1553051	Amara consularis
ASV100_count_1024	gi|695084971|gb|KJ963160.1|	89.535	86	7	2	119	203	348	432	7.88e-19	108	1553051	Amara consularis
ASV100_count_1024	gi|695088531|gb|KJ964940.1|	89.535	86	7	2	119	203	338	422	7.88e-19	108	1553051	Amara consularis
ASV100_count_1024	gi|1345531938|gb|MG062542.1|	88.095	84	9	1	125	208	120	202	4.74e-16	99.0	1770663	Pelecotoma flavipes
ASV100_count_1024	gi|1557928963|gb|MH928009.1|	88.750	80	9	0	129	208	357	436	4.74e-16	99.0	2505516	Scirtidae sp. INDOBIOSYS-CCDB24596-B06
ASV100_count_1024	gi|987277891|gb|KR127296.1|	88.095	84	9	1	125	208	370	452	4.74e-16	99.0	1770663	Pelecotoma flavipes
ASV100_count_1024	gi|987261921|gb|KR124923.1|	88.095	84	9	1	125	208	372	454	4.74e-16	99.0	1770663	Pelecotoma flavipes
ASV100_count_1024	gi|1557926423|gb|MH926739.1|	88.750	80	9	0	129	208	374	453	4.74e-16	99.0	2505507	Scirtidae sp. INDOBIOSYS-CCDB24681-C08
ASV100_count_1024	gi|349588359|gb|JN029506.1|	92.647	68	5	0	132	199	301	368	4.74e-16	99.0	109660	Stropharia hornemannii
ASV102_count_1018	gi|2053359660|gb|MW030498.1|	85.819	409	54	3	1	407	296	702	4.12e-116	431	122660	Clonostachys compactiuscula
ASV102_count_1018	gi|223047459|gb|FJ663053.1|	85.819	409	54	3	1	407	206	612	4.12e-116	431	122660	Clonostachys compactiuscula
ASV102_count_1018	gi|2482362030|gb|CP098264.1|	85.539	408	59	0	1	408	15193	15600	5.33e-115	427	1254446	Nannizziopsis arthrosporioides
ASV102_count_1018	gi|2587927427|ref|NC_082834.1|	85.294	408	60	0	1	408	14696	15103	2.48e-113	422	1007502	Nannizziopsis barbatae
ASV102_count_1018	gi|1043378333|ref|NC_030600.1|	85.086	409	57	2	1	407	11462	11868	4.15e-111	414	89940	Cladophialophora bantiana
ASV104_count_977	gi|1282191146|gb|KY922467.1|	92.157	408	32	0	1	408	250	657	5.00e-160	577	482771	Afronothrus sp. AD453
ASV105_count_971	gi|2594663249|gb|OQ631081.1|	88.177	406	48	0	1	406	278	683	3.12e-132	484	3036676	Centropyxis blatta
ASV105_count_971	gi|2264479476|gb|OL549135.1|	90.310	258	25	0	132	389	379	636	2.57e-88	339	2962146	Awerintzewia sp.
ASV105_count_971	gi|2264479476|gb|OL549135.1|	88.889	81	9	0	1	81	251	331	1.32e-16	100	2962146	Awerintzewia sp.
ASV106_count_956	gi|240266714|ref|NC_012832.1|	87.626	396	47	2	14	408	7627	8021	1.89e-124	459	63405	Microsporum canis
ASV106_count_956	gi|2587927411|ref|NC_082833.1|	87.626	396	47	2	14	408	12174	12568	1.89e-124	459	77205	Microsporum ferrugineum
ASV106_count_956	gi|2030568879|gb|MW464866.1|	87.595	395	47	2	14	407	13564	13957	6.80e-124	457	106403	Trichophyton kuryangei
ASV106_count_956	gi|240266696|ref|NC_012824.1|	87.595	395	47	2	14	407	10250	10643	6.80e-124	457	5551	Trichophyton rubrum
ASV106_count_956	gi|2587927491|ref|NC_082838.1|	87.595	395	47	2	14	407	13655	14048	6.80e-124	457	69891	Trichophyton soudanense
ASV106_count_956	gi|13867|emb|X65223.1|	87.374	396	46	4	14	407	841	1234	3.16e-122	451	5551	Trichophyton rubrum
ASV106_count_956	gi|2587927523|ref|NC_082840.1|	87.342	395	48	2	14	407	12468	12861	3.16e-122	451	81478	Trichophyton yaoundei
ASV106_count_956	gi|2587927507|ref|NC_082839.1|	87.342	395	48	2	14	407	12249	12642	3.16e-122	451	34388	Trichophyton violaceum
ASV106_count_956	gi|240266452|ref|NC_012826.1|	87.089	395	49	2	14	407	7580	7973	1.47e-120	446	523103	Trichophyton mentagrophytes
ASV106_count_956	gi|1493266901|gb|MG592681.1|	87.089	395	49	2	14	407	7581	7974	1.47e-120	446	523103	Trichophyton mentagrophytes
ASV107_count_953	gi|301068902|gb|GQ465632.1|	88.078	411	49	0	1	411	57	467	2.43e-133	488	104782	Adineta vaga
ASV107_count_953	gi|301068894|gb|GQ465628.1|	88.078	411	49	0	1	411	51	461	2.43e-133	488	104782	Adineta vaga
ASV107_count_953	gi|301068896|gb|GQ465629.1|	87.835	411	50	0	1	411	15	425	1.13e-131	483	104782	Adineta vaga
ASV107_count_953	gi|134141688|gb|EF173208.1|	87.835	411	50	0	1	411	242	652	1.13e-131	483	433716	Adineta sp. FR.5
ASV107_count_953	gi|301068900|gb|GQ465631.1|	87.591	411	51	0	1	411	57	467	5.26e-130	477	104782	Adineta vaga
ASV107_count_953	gi|2445153811|gb|OQ445494.1|	88.191	398	47	0	1	398	245	642	1.89e-129	475	3028287	Habrotrocha sp. C06
ASV107_count_953	gi|2445153809|gb|OQ445493.1|	88.191	398	47	0	1	398	245	642	1.89e-129	475	3028286	Habrotrocha sp. C05
ASV107_count_953	gi|2445153817|gb|OQ445497.1|	88.191	398	47	0	1	398	245	642	1.89e-129	475	3028290	Habrotrocha sp. C04
ASV107_count_953	gi|2445153807|gb|OQ445492.1|	88.191	398	47	0	1	398	245	642	1.89e-129	475	3028285	Habrotrocha sp. B12
ASV107_count_953	gi|2445153819|gb|OQ445498.1|	88.191	398	47	0	1	398	245	642	1.89e-129	475	3028291	Habrotrocha sp. C02
ASV109_count_917	gi|327195223|ref|NC_015316.1|	89.951	408	41	0	1	408	51299	51706	5.11e-145	527	574566	Coccomyxa subellipsoidea C-169
ASV109_count_917	gi|1870286304|gb|AC279733.1|	89.951	408	41	0	1	408	22833	22426	5.11e-145	527	574566	Coccomyxa subellipsoidea C-169
ASV109_count_917	gi|1476021846|gb|AC278121.1|	89.951	408	41	0	1	408	22859	22452	5.11e-145	527	574566	Coccomyxa subellipsoidea C-169
ASV109_count_917	gi|2106301899|dbj|AP025007.1|	89.409	406	43	0	3	408	1262	857	1.43e-140	512	2315456	Coccomyxa sp. Obi
ASV109_count_917	gi|2878821333|gb|PQ563289.1|	88.916	406	45	0	3	408	319	724	3.10e-137	501	2911190	Coccomyxa sp. (in: green algae)
ASV110_count_914	gi|2234009978|emb|OW485601.1|	85.608	403	42	11	12	406	2104234	2103840	1.93e-109	409	504468	Rhodovastum atsumiense
ASV110_count_914	gi|2304052196|gb|CP103057.1|	88.672	256	29	0	153	408	2595442	2595697	1.56e-80	313	2972485	Sphingomonas endolithica
ASV110_count_914	gi|1850108108|dbj|AP022673.1|	88.417	259	28	2	151	408	3199390	3199133	5.60e-80	311	1517554	Sphingomonas sp. HMP9
ASV111_count_906	gi|134141776|gb|EF173252.1|	91.971	411	33	0	1	411	242	652	5.04e-160	577	104782	Adineta vaga
ASV111_count_906	gi|134141788|gb|EF173258.1|	91.971	411	33	0	1	411	213	623	5.04e-160	577	104782	Adineta vaga
ASV111_count_906	gi|157365408|gb|EF650564.1|	91.727	411	34	0	1	411	242	652	2.34e-158	571	317506	Bdelloidea environmental sample
ASV111_count_906	gi|659495501|gb|KJ543606.1|	91.727	411	31	1	1	411	245	652	3.03e-157	568	1511416	Bdelloidea sp. Bd11_02
ASV111_count_906	gi|703599950|gb|KM043182.1|	91.484	411	35	0	1	411	239	649	1.09e-156	566	104782	Adineta vaga
ASV111_count_906	gi|134141780|gb|EF173254.1|	91.484	411	35	0	1	411	242	652	1.09e-156	566	104782	Adineta vaga
ASV111_count_906	gi|659495505|gb|KJ543608.1|	91.484	411	32	1	1	411	245	652	1.41e-155	562	1511418	Bdelloidea sp. Bd11_04
ASV111_count_906	gi|703599942|gb|KM043178.1|	90.998	411	37	0	1	411	257	667	2.36e-153	555	758807	Abrochtha sonneborni
ASV111_count_906	gi|659495515|gb|KJ543613.1|	90.754	411	35	2	1	411	245	652	1.42e-150	545	1511423	Bdelloidea sp. Bd14_01
ASV111_count_906	gi|659495517|gb|KJ543614.1|	90.754	411	35	2	1	411	245	652	1.42e-150	545	1511424	Bdelloidea sp. Bd14_02
ASV112_count_885	gi|2320776884|gb|CP075528.1|	88.806	402	39	6	1	399	1467961	1468359	2.35e-133	488	1894999	Enhydrobacter sp.
ASV112_count_885	gi|2515462020|gb|CP126889.1|	87.562	402	44	6	1	399	356126	355728	5.13e-125	460	1894999	Enhydrobacter sp.
ASV112_count_885	gi|2513929902|gb|CP126533.1|	85.119	336	44	3	68	397	3856878	3856543	2.51e-88	339	1871052	Afipia sp.
ASV112_count_885	gi|1148307076|gb|CP019508.1|	87.031	293	31	4	63	349	829091	829382	7.02e-84	324	1938605	Brevundimonas sp. LM2
ASV112_count_885	gi|1952965593|dbj|AP024269.1|	86.909	275	36	0	125	399	1327110	1327384	1.96e-79	309	2795690	Kaistia sp. 32K
ASV112_count_885	gi|2741292823|gb|CP157793.1|	87.879	264	29	3	123	384	377663	377925	7.07e-79	307	1870903	Stappia sp.
ASV112_count_885	gi|2874253894|emb|OY970069.1|	87.218	266	34	0	133	398	3414886	3415151	9.14e-78	303	91750	uncultured Alphaproteobacteria bacterium
ASV112_count_885	gi|1382749168|gb|CP023315.3|	86.909	275	30	4	81	349	3771496	3771222	9.14e-78	303	155892	Caulobacter vibrioides
ASV113_count_885	gi|1855710909|gb|CP050137.1|	90.571	403	36	2	1	402	643377	642976	1.08e-146	532	2653203	Sphingomonas sp. CL5.1
ASV113_count_885	gi|2844684447|gb|CP162536.1|	89.801	402	41	0	1	402	1114574	1114173	1.09e-141	516	2762591	Sphingomonas albertensis
ASV113_count_885	gi|1593517331|gb|CP037913.1|	89.801	402	41	0	1	402	3585773	3586174	1.09e-141	516	1523415	Sphingomonas sp. AAP5
ASV113_count_885	gi|2429051945|gb|CP115900.1|	90.306	392	36	2	12	402	42567	42177	1.41e-140	512	3018036	Sphingomonas sp. CV7422
ASV113_count_885	gi|2457531060|gb|CP119315.1|	89.578	403	40	2	1	402	1127471	1127070	5.06e-140	510	3121369	Candidatus Sphingomonas colombiensis
ASV113_count_885	gi|695169020|gb|CP009571.1|	90.026	391	39	0	12	402	3366906	3366516	6.55e-139	507	1549858	Sphingomonas taxi
ASV113_count_885	gi|2296294377|gb|MZ062584.1|	89.055	402	44	0	1	402	294	695	1.10e-136	499	158754	uncultured Sphingomonas sp.
ASV113_count_885	gi|2296294411|gb|MZ062601.1|	89.055	402	44	0	1	402	294	695	1.10e-136	499	158754	uncultured Sphingomonas sp.
ASV113_count_885	gi|2296294371|gb|MZ062581.1|	89.055	402	44	0	1	402	294	695	1.10e-136	499	158754	uncultured Sphingomonas sp.
ASV113_count_885	gi|1899794700|gb|CP061038.1|	89.082	403	42	2	1	402	4109058	4109459	1.10e-136	499	653931	Sphingomonas alpina
ASV114_count_884	gi|2871496795|gb|PP136906.1|	89.216	408	44	0	1	408	246	653	5.14e-140	510	3386438	Pristina bilobata complex sp. CEB
ASV114_count_884	gi|2871496793|gb|PP136905.1|	88.725	408	46	0	1	408	246	653	1.11e-136	499	3386438	Pristina bilobata complex sp. CEB
ASV114_count_884	gi|2871496785|gb|PP136901.1|	88.148	405	48	0	3	407	248	652	1.12e-131	483	3386437	Pristina bilobata complex sp. CEA
ASV114_count_884	gi|2871496931|gb|PP136974.1|	88.177	406	46	2	3	407	248	652	1.12e-131	483	3386362	Pristina sp. CEF
ASV114_count_884	gi|2871496927|gb|PP136972.1|	87.931	406	47	2	3	407	248	652	5.22e-130	477	3386362	Pristina sp. CEF
ASV114_count_884	gi|2871496935|gb|PP136976.1|	87.931	406	47	2	3	407	209	613	5.22e-130	477	3386362	Pristina sp. CEF
ASV114_count_884	gi|2871496929|gb|PP136973.1|	87.931	406	47	2	3	407	248	652	5.22e-130	477	3386362	Pristina sp. CEF
ASV114_count_884	gi|2871496769|gb|PP136893.1|	87.901	405	49	0	3	407	248	652	5.22e-130	477	3386437	Pristina bilobata complex sp. CEA
ASV114_count_884	gi|2871496933|gb|PP136975.1|	87.931	406	47	2	3	407	248	652	5.22e-130	477	3386362	Pristina sp. CEF
ASV114_count_884	gi|2871496789|gb|PP136903.1|	87.871	404	49	0	3	406	248	651	1.88e-129	475	3386437	Pristina bilobata complex sp. CEA
ASV115_count_874	gi|1829660021|gb|MN974797.1|	88.177	406	48	0	1	406	95	500	3.12e-132	484	2725370	Pinnularia borealis complex sp.
ASV115_count_874	gi|1829659935|gb|MN974754.1|	87.685	406	50	0	1	406	65	470	6.75e-129	473	2725370	Pinnularia borealis complex sp.
ASV115_count_874	gi|1829660077|gb|MN974825.1|	87.685	406	50	0	1	406	65	470	6.75e-129	473	2725370	Pinnularia borealis complex sp.
ASV115_count_874	gi|1829659789|gb|MN974680.1|	87.469	407	49	2	1	406	95	500	3.14e-127	468	2725370	Pinnularia borealis complex sp.
ASV115_count_874	gi|1829660743|gb|MN975158.1|	86.700	406	54	0	1	406	54	459	3.16e-122	451	2725370	Pinnularia borealis complex sp.
ASV115_count_874	gi|1829660211|gb|MN974892.1|	86.700	406	54	0	1	406	95	500	3.16e-122	451	2725370	Pinnularia borealis complex sp.
ASV115_count_874	gi|1829660335|gb|MN974954.1|	86.634	404	54	0	3	406	97	500	4.09e-121	448	2725370	Pinnularia borealis complex sp.
ASV115_count_874	gi|1829659945|gb|MN974759.1|	86.634	404	54	0	3	406	67	470	4.09e-121	448	2725370	Pinnularia borealis complex sp.
ASV115_count_874	gi|1829659985|gb|MN974779.1|	86.207	406	56	0	1	406	95	500	6.84e-119	440	2725370	Pinnularia borealis complex sp.
ASV115_count_874	gi|1829659959|gb|MN974766.1|	86.207	406	56	0	1	406	31	436	6.84e-119	440	2725370	Pinnularia borealis complex sp.
ASV116_count_864	gi|134141784|gb|EF173256.1|	87.651	413	47	4	1	411	242	652	5.26e-130	477	104782	Adineta vaga
ASV116_count_864	gi|157365258|gb|EF650489.1|	87.167	413	49	4	1	411	215	625	1.14e-126	466	104788	Macrotrachela quadricornifera
ASV116_count_864	gi|157365336|gb|EF650528.1|	86.925	413	50	4	1	411	242	652	5.30e-125	460	317506	Bdelloidea environmental sample
ASV116_count_864	gi|659495515|gb|KJ543613.1|	86.861	411	51	2	1	411	245	652	6.85e-124	457	1511423	Bdelloidea sp. Bd14_01
ASV116_count_864	gi|157365370|gb|EF650545.1|	86.650	412	53	2	1	411	242	652	2.46e-123	455	104788	Macrotrachela quadricornifera
ASV116_count_864	gi|239584319|gb|FJ426421.1|	86.650	412	53	2	1	411	242	652	2.46e-123	455	104788	Macrotrachela quadricornifera
ASV116_count_864	gi|157365352|gb|EF650536.1|	86.650	412	53	2	1	411	215	625	2.46e-123	455	104788	Macrotrachela quadricornifera
ASV116_count_864	gi|2522199083|gb|OR145199.1|	86.650	412	53	2	1	411	212	622	2.46e-123	455	3053817	Bdelloidea sp. (in: rotifers)
ASV116_count_864	gi|2522199079|gb|OR145197.1|	86.650	412	53	2	1	411	212	622	2.46e-123	455	3053817	Bdelloidea sp. (in: rotifers)
ASV116_count_864	gi|157365462|gb|EF650591.1|	86.441	413	52	4	1	411	242	652	1.15e-121	449	104788	Macrotrachela quadricornifera
ASV117_count_854	gi|2218695925|gb|ON013862.1|	88.452	407	45	2	3	408	271	676	6.70e-134	490	2925151	Phytophthora tenuimura
ASV117_count_854	gi|2218695921|gb|ON013860.1|	88.452	407	45	2	3	408	271	676	6.70e-134	490	2925151	Phytophthora tenuimura
ASV117_count_854	gi|2218695915|gb|ON013857.1|	88.452	407	45	2	3	408	271	676	6.70e-134	490	2925151	Phytophthora tenuimura
ASV117_count_854	gi|2218695929|gb|ON013864.1|	88.452	407	45	2	3	408	271	676	6.70e-134	490	2925151	Phytophthora tenuimura
ASV117_count_854	gi|2218695919|gb|ON013859.1|	88.452	407	45	2	3	408	271	676	6.70e-134	490	2925151	Phytophthora tenuimura
ASV117_count_854	gi|2218695923|gb|ON013861.1|	88.452	407	45	2	3	408	271	676	6.70e-134	490	2925151	Phytophthora tenuimura
ASV117_count_854	gi|2218695917|gb|ON013858.1|	88.452	407	45	2	3	408	271	676	6.70e-134	490	2925151	Phytophthora tenuimura
ASV117_count_854	gi|2218695927|gb|ON013863.1|	88.452	407	45	2	3	408	271	676	6.70e-134	490	2925151	Phytophthora tenuimura
ASV117_count_854	gi|2218695851|gb|ON013825.1|	88.206	407	46	2	3	408	271	676	3.12e-132	484	2925145	Phytophthora ludoviciana
ASV117_count_854	gi|2218695853|gb|ON013826.1|	88.206	407	46	2	3	408	271	676	3.12e-132	484	2925145	Phytophthora ludoviciana
ASV121_count_816	gi|2874253665|emb|OY969099.1|	92.982	57	4	0	182	238	2103727	2103783	1.33e-11	84.2	152507	uncultured Actinomycetes bacterium
ASV122_count_813	gi|2871496913|gb|PP136965.1|	100.000	408	0	0	1	408	246	653	0.0	754	3386361	Pristina sp. CEE
ASV122_count_813	gi|2871496923|gb|PP136970.1|	96.078	408	16	0	1	408	246	653	0.0	665	3386361	Pristina sp. CEE
ASV122_count_813	gi|2871496911|gb|PP136964.1|	95.813	406	17	0	3	408	247	652	0.0	656	3386361	Pristina sp. CEE
ASV122_count_813	gi|2871496915|gb|PP136966.1|	95.343	408	19	0	1	408	246	653	0.0	649	3386361	Pristina sp. CEE
ASV122_count_813	gi|2871496919|gb|PP136968.1|	95.098	408	20	0	1	408	246	653	4.86e-180	643	3386361	Pristina sp. CEE
ASV122_count_813	gi|2871496789|gb|PP136903.1|	90.050	402	38	2	7	407	252	652	8.55e-143	520	3386437	Pristina bilobata complex sp. CEA
ASV122_count_813	gi|2871496765|gb|PP136891.1|	89.801	402	41	0	7	408	252	653	1.11e-141	516	3386437	Pristina bilobata complex sp. CEA
ASV122_count_813	gi|2871496773|gb|PP136895.1|	89.801	402	41	0	7	408	252	653	1.11e-141	516	3386437	Pristina bilobata complex sp. CEA
ASV122_count_813	gi|2871496781|gb|PP136899.1|	89.552	402	42	0	7	408	252	653	1.43e-140	512	3386437	Pristina bilobata complex sp. CEA
ASV122_count_813	gi|2871496785|gb|PP136901.1|	89.500	400	42	0	7	406	252	651	6.65e-139	507	3386437	Pristina bilobata complex sp. CEA
ASV123_count_803	gi|301068924|gb|GQ465643.1|	88.808	411	46	0	1	411	234	644	2.41e-138	505	104782	Adineta vaga
ASV123_count_803	gi|134141672|gb|EF173200.1|	88.808	411	46	0	1	411	216	626	2.41e-138	505	433708	Adineta sp. FR.1
ASV123_count_803	gi|134141790|gb|EF173259.1|	88.808	411	46	0	1	411	169	579	2.41e-138	505	104782	Adineta vaga
ASV123_count_803	gi|659495501|gb|KJ543606.1|	88.808	411	43	2	1	411	245	652	3.12e-137	501	1511416	Bdelloidea sp. Bd11_02
ASV123_count_803	gi|134141710|gb|EF173219.1|	88.564	411	47	0	1	411	242	652	1.12e-136	499	104782	Adineta vaga
ASV123_count_803	gi|134141706|gb|EF173217.1|	88.564	411	47	0	1	411	242	652	1.12e-136	499	104782	Adineta vaga
ASV123_count_803	gi|659495505|gb|KJ543608.1|	88.564	411	44	2	1	411	245	652	1.45e-135	496	1511418	Bdelloidea sp. Bd11_04
ASV123_count_803	gi|134141770|gb|EF173249.1|	88.321	411	48	0	1	411	174	584	5.22e-135	494	104782	Adineta vaga
ASV123_count_803	gi|134141750|gb|EF173239.1|	88.321	411	48	0	1	411	214	624	5.22e-135	494	104782	Adineta vaga
ASV123_count_803	gi|659495575|gb|KJ543643.1|	88.264	409	48	0	1	409	245	653	6.75e-134	490	1511448	Bdelloidea sp. Bd30_01
ASV124_count_801	gi|316990391|gb|GU902080.1|	85.012	407	61	0	1	407	246	652	4.15e-111	414	913709	Hemienchytraeus sp. PDW-2010
ASV125_count_799	gi|659495575|gb|KJ543643.1|	92.176	409	32	0	1	409	245	653	1.40e-160	579	1511448	Bdelloidea sp. Bd30_01
ASV125_count_799	gi|157365352|gb|EF650536.1|	91.727	411	34	0	1	411	215	625	2.34e-158	571	104788	Macrotrachela quadricornifera
ASV125_count_799	gi|157365416|gb|EF650568.1|	91.241	411	36	0	1	411	242	652	5.08e-155	560	468643	uncultured Macrotrachela
ASV125_count_799	gi|134141688|gb|EF173208.1|	90.754	411	38	0	1	411	242	652	1.10e-151	549	433716	Adineta sp. FR.5
ASV125_count_799	gi|187475723|gb|EU499789.1|	90.511	411	39	0	1	411	246	656	5.11e-150	544	104788	Macrotrachela quadricornifera
ASV125_count_799	gi|157365260|gb|EF650490.1|	90.511	411	39	0	1	411	242	652	5.11e-150	544	468655	Macrotrachela bullata
ASV125_count_799	gi|157365370|gb|EF650545.1|	90.268	411	40	0	1	411	242	652	2.38e-148	538	104788	Macrotrachela quadricornifera
ASV125_count_799	gi|239584319|gb|FJ426421.1|	90.268	411	40	0	1	411	242	652	2.38e-148	538	104788	Macrotrachela quadricornifera
ASV125_count_799	gi|134141712|gb|EF173220.1|	90.268	411	40	0	1	411	158	568	2.38e-148	538	104782	Adineta vaga
ASV125_count_799	gi|157365356|gb|EF650538.1|	90.268	411	40	0	1	411	236	646	2.38e-148	538	317506	Bdelloidea environmental sample
ASV126_count_798	gi|2878821333|gb|PQ563289.1|	87.931	406	49	0	3	408	319	724	1.45e-130	479	2911190	Coccomyxa sp. (in: green algae)
ASV126_count_798	gi|2106301899|dbj|AP025007.1|	87.438	406	51	0	3	408	1262	857	3.14e-127	468	2315456	Coccomyxa sp. Obi
ASV126_count_798	gi|327195223|ref|NC_015316.1|	86.064	409	55	2	1	408	51299	51706	2.46e-118	438	574566	Coccomyxa subellipsoidea C-169
ASV126_count_798	gi|1870286304|gb|AC279733.1|	86.064	409	55	2	1	408	22833	22426	2.46e-118	438	574566	Coccomyxa subellipsoidea C-169
ASV126_count_798	gi|1476021846|gb|AC278121.1|	86.064	409	55	2	1	408	22859	22452	2.46e-118	438	574566	Coccomyxa subellipsoidea C-169
ASV129_count_781	gi|2871496913|gb|PP136965.1|	89.552	402	42	0	7	408	252	653	5.14e-140	510	3386361	Pristina sp. CEE
ASV129_count_781	gi|2871496789|gb|PP136903.1|	88.725	408	44	2	1	407	246	652	4.00e-136	497	3386437	Pristina bilobata complex sp. CEA
ASV129_count_781	gi|2871496927|gb|PP136972.1|	88.424	406	47	0	1	406	246	651	6.70e-134	490	3386362	Pristina sp. CEF
ASV129_count_781	gi|2871496935|gb|PP136976.1|	88.424	406	47	0	1	406	207	612	6.70e-134	490	3386362	Pristina sp. CEF
ASV129_count_781	gi|2871496929|gb|PP136973.1|	88.424	406	47	0	1	406	246	651	6.70e-134	490	3386362	Pristina sp. CEF
ASV129_count_781	gi|2871496933|gb|PP136975.1|	88.424	406	47	0	1	406	246	651	6.70e-134	490	3386362	Pristina sp. CEF
ASV129_count_781	gi|33330139|gb|AF534854.1|	88.235	408	48	0	1	408	230	637	2.41e-133	488	188231	Pristina longiseta
ASV129_count_781	gi|2871496923|gb|PP136970.1|	88.557	402	46	0	7	408	252	653	2.41e-133	488	3386361	Pristina sp. CEE
ASV129_count_781	gi|2871496907|gb|PP136962.1|	88.366	404	47	0	3	406	248	651	8.67e-133	486	212340	Pristina osborni
ASV129_count_781	gi|2871496931|gb|PP136974.1|	88.177	406	48	0	1	406	246	651	3.12e-132	484	3386362	Pristina sp. CEF
ASV130_count_777	gi|442736106|gb|JX989833.1|	86.914	405	53	0	3	407	208	612	2.44e-123	455	1282988	Synchaetomella acerina
ASV130_count_777	gi|2328358126|ref|NC_067712.1|	86.553	409	53	2	1	408	20898	21305	1.14e-121	449	99896	Pleurocordyceps sinensis
ASV130_count_777	gi|2891851651|gb|OR045902.1|	86.064	409	55	2	1	408	14351	14758	2.46e-118	438	3018325	Pleurocordyceps vitellina
ASV130_count_777	gi|2431531765|ref|NC_070366.1|	86.139	404	56	0	3	406	965	1368	8.85e-118	436	473018	Lepraria caesiella
ASV130_count_777	gi|2577881716|ref|NC_082316.1|	85.961	406	57	0	1	406	5576	5981	3.18e-117	435	73230	Emmonsia crescens
ASV130_count_777	gi|1799706669|gb|MN593345.1|	85.714	406	58	0	1	406	6453	6858	1.48e-115	429	1758292	Arthrocladium fulminans
ASV130_count_777	gi|2482362030|gb|CP098264.1|	85.714	406	58	0	1	406	15193	15598	1.48e-115	429	1254446	Nannizziopsis arthrosporioides
ASV130_count_777	gi|2666688861|ref|NC_085455.1|	85.714	406	58	0	1	406	4546	4951	1.48e-115	429	122368	Cercospora beticola
ASV130_count_777	gi|2222675363|gb|CP095198.1|	85.714	406	58	0	1	406	8925	8520	1.48e-115	429	2929575	Cercospora sp. J1 LZ-2022
ASV130_count_777	gi|2279755288|gb|CP076641.1|	85.468	406	59	0	1	406	41421	41016	6.89e-114	424	438356	Cercospora sojina
ASV134_count_760	gi|157365352|gb|EF650536.1|	89.051	411	45	0	1	411	215	625	5.18e-140	510	104788	Macrotrachela quadricornifera
ASV134_count_760	gi|1743045099|gb|KJ543582.2|	88.808	411	46	0	1	411	245	655	2.41e-138	505	1511351	Adineta sp. Bd2_02
ASV134_count_760	gi|157365258|gb|EF650489.1|	88.564	411	47	0	1	411	215	625	1.12e-136	499	104788	Macrotrachela quadricornifera
ASV134_count_760	gi|1229626352|gb|MF503437.1|	88.564	411	47	0	1	411	242	652	1.12e-136	499	433698	Adineta grandis
ASV134_count_760	gi|659495491|gb|KJ543601.1|	88.564	411	47	0	1	411	245	655	1.12e-136	499	1511495	Bdelloidea sp. Bd9_01
ASV134_count_760	gi|1229626344|gb|MF503433.1|	88.564	411	47	0	1	411	245	655	1.12e-136	499	433698	Adineta grandis
ASV134_count_760	gi|1005054389|gb|KU860605.1|	89.340	394	42	0	1	394	236	629	1.45e-135	496	1813169	Adineta vaga complex sp. F JFF-2016
ASV134_count_760	gi|134141630|gb|EF173179.1|	88.107	412	47	2	1	411	242	652	1.45e-135	496	433694	Bradyscela clauda
ASV134_count_760	gi|1229626364|gb|MF503443.1|	88.321	411	48	0	1	411	245	655	5.22e-135	494	433698	Adineta grandis
ASV134_count_760	gi|1807556149|gb|MN367037.1|	88.321	411	48	0	1	411	246	656	5.22e-135	494	433698	Adineta grandis
ASV136_count_739	gi|2724824530|gb|PP746562.1|	85.749	407	58	0	1	407	47094	47500	4.12e-116	431	33092	Koliella longiseta
ASV136_count_739	gi|2724824695|gb|PP746566.1|	85.086	409	57	4	1	407	56639	57045	4.15e-111	414	163310	Interfilum terricola
ASV137_count_727	gi|794458893|gb|KM997462.1|	88.667	150	17	0	258	407	494	643	1.27e-41	183	1622486	Hymenoptera sp. BOLD:AAN8101
ASV137_count_727	gi|2169123174|gb|OL979171.1|	86.184	152	20	1	257	408	178	328	1.66e-35	163	135666	Xylocopa violacea
ASV137_count_727	gi|1495351380|gb|MG311824.1|	87.681	138	17	0	270	407	515	652	5.97e-35	161	2453526	Cunaxa sp. BIOUG26359-E07
ASV137_count_727	gi|746982289|gb|KM585648.1|	88.148	135	16	0	273	407	518	652	5.97e-35	161	28638	Xylocopa virginica
ASV140_count_719	gi|2891482409|emb|OZ220098.1|	87.500	408	51	0	1	408	6933	7340	2.43e-128	472	2886949	Ephebe lanata
ASV140_count_719	gi|2749499796|gb|PP740889.1|	85.575	409	57	2	1	408	1679	2086	5.33e-115	427	161981	Peltigera continentalis
ASV140_count_719	gi|2587927539|ref|NC_082841.1|	85.575	409	57	2	1	408	5266	5673	5.33e-115	427	162045	Peltigera neocanina (nom. ined.)
ASV140_count_719	gi|2029857844|gb|MW711788.1|	85.330	409	58	2	1	408	33939	34346	2.48e-113	422	162008	Peltigera rufescens
ASV140_count_719	gi|2749499925|gb|PP740895.1|	85.330	409	58	2	1	408	1616	2023	2.48e-113	422	162008	Peltigera rufescens
ASV140_count_719	gi|2749499836|gb|PP740891.1|	85.330	409	58	2	1	408	1616	2023	2.48e-113	422	161996	Peltigera lepidophora
ASV140_count_719	gi|2587927583|ref|NC_082843.1|	85.330	409	58	2	1	408	57035	57442	2.48e-113	422	162004	Peltigera ponojensis
ASV140_count_719	gi|2587927603|ref|NC_082844.1|	85.086	409	59	2	1	408	3488	3895	1.15e-111	416	78475	Peltigera neckeri
ASV141_count_705	gi|2689404208|gb|OR526195.1|	100.000	408	0	0	1	408	269	676	0.0	754	137729	Phytophthora tropicalis
ASV141_count_705	gi|2689404228|gb|OR526205.1|	100.000	408	0	0	1	408	269	676	0.0	754	137729	Phytophthora tropicalis
ASV141_count_705	gi|2070385249|gb|MW410943.1|	100.000	408	0	0	1	408	203	610	0.0	754	137729	Phytophthora tropicalis
ASV141_count_705	gi|2070385247|gb|MW410942.1|	100.000	408	0	0	1	408	203	610	0.0	754	137729	Phytophthora tropicalis
ASV141_count_705	gi|2689404212|gb|OR526197.1|	100.000	408	0	0	1	408	269	676	0.0	754	137729	Phytophthora tropicalis
ASV141_count_705	gi|2689404230|gb|OR526206.1|	100.000	408	0	0	1	408	269	676	0.0	754	137729	Phytophthora tropicalis
ASV141_count_705	gi|2070385241|gb|MW410939.1|	100.000	408	0	0	1	408	269	676	0.0	754	137729	Phytophthora tropicalis
ASV141_count_705	gi|2070385243|gb|MW410940.1|	100.000	408	0	0	1	408	203	610	0.0	754	137729	Phytophthora tropicalis
ASV141_count_705	gi|2689404210|gb|OR526196.1|	100.000	408	0	0	1	408	269	676	0.0	754	137729	Phytophthora tropicalis
ASV141_count_705	gi|2689404232|gb|OR526207.1|	100.000	408	0	0	1	408	269	676	0.0	754	137729	Phytophthora tropicalis
ASV142_count_695	gi|1509790389|gb|MH251855.1|	90.024	411	41	0	1	411	124	534	3.08e-147	534	104788	Macrotrachela quadricornifera
ASV142_count_695	gi|187475723|gb|EU499789.1|	89.538	411	43	0	1	411	246	656	2.39e-143	521	104788	Macrotrachela quadricornifera
ASV142_count_695	gi|157365352|gb|EF650536.1|	89.294	411	44	0	1	411	215	625	1.11e-141	516	104788	Macrotrachela quadricornifera
ASV142_count_695	gi|1509790409|gb|MH251865.1|	89.435	407	43	0	5	411	1	407	4.01e-141	514	104788	Macrotrachela quadricornifera
ASV142_count_695	gi|157365414|gb|EF650567.1|	89.051	411	45	0	1	411	242	652	5.18e-140	510	468643	uncultured Macrotrachela
ASV142_count_695	gi|659495575|gb|KJ543643.1|	89.163	406	44	0	1	406	245	650	6.71e-139	507	1511448	Bdelloidea sp. Bd30_01
ASV142_count_695	gi|157365248|gb|EF650484.1|	89.394	396	42	0	1	396	224	619	1.12e-136	499	468628	uncultured Habrotrocha
ASV142_count_695	gi|2445153809|gb|OQ445493.1|	89.196	398	43	0	1	398	245	642	4.04e-136	497	3028286	Habrotrocha sp. C05
ASV142_count_695	gi|2445153817|gb|OQ445497.1|	89.196	398	43	0	1	398	245	642	4.04e-136	497	3028290	Habrotrocha sp. C04
ASV142_count_695	gi|2445153807|gb|OQ445492.1|	89.196	398	43	0	1	398	245	642	4.04e-136	497	3028285	Habrotrocha sp. B12
ASV143_count_692	gi|2264468515|gb|ON931460.1|	87.250	400	51	0	1	400	246	645	6.80e-124	457	2962484	Aeolosomatidae sp. Biologic-POLY002
ASV143_count_692	gi|1917941614|gb|MW147005.1|	85.083	362	52	2	1	361	189	549	3.28e-97	368	2780961	Ascidae sp.
ASV145_count_674	gi|2686835491|emb|OZ017764.1|	98.039	408	8	0	1	408	27365	27772	0.0	710	3094912	Asterochloris sp. CNOR1
ASV146_count_669	gi|239584329|gb|FJ426426.1|	90.024	411	41	0	1	411	242	652	1.11e-146	532	468668	Pleuretra lineata
ASV146_count_669	gi|239584327|gb|FJ426425.1|	89.781	411	42	0	1	411	242	652	1.43e-145	529	468668	Pleuretra lineata
ASV146_count_669	gi|239584331|gb|FJ426427.1|	89.781	411	42	0	1	411	242	652	5.15e-145	527	468668	Pleuretra lineata
ASV146_count_669	gi|157365408|gb|EF650564.1|	89.051	411	45	0	1	411	242	652	5.18e-140	510	317506	Bdelloidea environmental sample
ASV146_count_669	gi|187475727|gb|EU499791.1|	89.051	411	45	0	1	411	246	656	5.18e-140	510	104788	Macrotrachela quadricornifera
ASV146_count_669	gi|187475733|gb|EU499794.1|	89.051	411	45	0	1	411	246	656	5.18e-140	510	104788	Macrotrachela quadricornifera
ASV146_count_669	gi|1776910796|gb|MK330893.1|	89.474	399	42	0	1	399	228	626	2.41e-138	505	2675676	Philodina corrugata
ASV146_count_669	gi|703599978|gb|KM043196.1|	88.808	411	46	0	1	411	257	667	2.41e-138	505	468659	Macrotrachela papillosa
ASV146_count_669	gi|1005054469|gb|KU860645.1|	89.394	396	42	0	1	396	236	631	1.12e-136	499	1813168	Adineta vaga complex sp. E JFF-2016
ASV146_count_669	gi|402761741|gb|JX184002.1|	88.564	411	47	0	1	411	290	700	1.12e-136	499	104786	Habrotrocha constricta
ASV147_count_663	gi|2429051945|gb|CP115900.1|	90.380	395	36	2	7	400	42572	42179	3.02e-142	518	3018036	Sphingomonas sp. CV7422
ASV147_count_663	gi|1441477124|gb|CP029985.1|	89.500	400	42	0	1	400	1083729	1084128	6.55e-139	507	2219696	Sphingomonas sp. FARSPH
ASV147_count_663	gi|695169020|gb|CP009571.1|	89.848	394	40	0	7	400	3366911	3366518	6.55e-139	507	1549858	Sphingomonas taxi
ASV147_count_663	gi|1808526431|gb|CP048422.1|	89.526	401	40	2	1	400	403595	403994	6.55e-139	507	424800	Sphingomonas insulae
ASV147_count_663	gi|1855710909|gb|CP050137.1|	89.526	401	40	2	1	400	643377	642978	6.55e-139	507	2653203	Sphingomonas sp. CL5.1
ASV147_count_663	gi|2174742726|gb|CP090059.1|	89.770	391	40	0	12	402	752848	752458	3.05e-137	501	2899123	Sphingomonas cannabina
ASV147_count_663	gi|2296294377|gb|MZ062584.1|	89.717	389	40	0	12	400	305	693	3.94e-136	497	158754	uncultured Sphingomonas sp.
ASV147_count_663	gi|2296294411|gb|MZ062601.1|	89.717	389	40	0	12	400	305	693	3.94e-136	497	158754	uncultured Sphingomonas sp.
ASV147_count_663	gi|2296294371|gb|MZ062581.1|	89.717	389	40	0	12	400	305	693	3.94e-136	497	158754	uncultured Sphingomonas sp.
ASV147_count_663	gi|2296294369|gb|MZ062580.1|	89.717	389	40	0	12	400	305	693	3.94e-136	497	158754	uncultured Sphingomonas sp.
ASV149_count_645	gi|2320776884|gb|CP075528.1|	89.055	402	38	6	1	399	1467961	1468359	5.05e-135	494	1894999	Enhydrobacter sp.
ASV149_count_645	gi|2515462020|gb|CP126889.1|	87.313	402	45	6	1	399	356126	355728	2.38e-123	455	1894999	Enhydrobacter sp.
ASV149_count_645	gi|2513929902|gb|CP126533.1|	85.417	336	43	3	68	397	3856878	3856543	5.39e-90	344	1871052	Afipia sp.
ASV149_count_645	gi|1148307076|gb|CP019508.1|	86.689	293	32	4	63	349	829091	829382	3.26e-82	318	1938605	Brevundimonas sp. LM2
ASV149_count_645	gi|1952965593|dbj|AP024269.1|	87.273	275	35	0	125	399	1327110	1327384	4.22e-81	315	2795690	Kaistia sp. 32K
ASV149_count_645	gi|942019539|gb|CP013002.1|	87.273	275	29	4	81	349	277841	278115	1.96e-79	309	69395	Caulobacter henricii
ASV149_count_645	gi|1109632991|emb|LT670845.1|	87.361	269	34	0	129	397	3049006	3049274	1.96e-79	309	722472	Bradyrhizobium lablabi
ASV149_count_645	gi|1085651108|emb|LT629693.1|	87.361	269	34	0	129	397	3127005	3126737	1.96e-79	309	931866	Bradyrhizobium ottawaense
ASV149_count_645	gi|1712859902|gb|CP042175.1|	86.989	269	35	0	129	397	882798	883066	9.14e-78	303	2578113	Bradyrhizobium sp. KBS0725
ASV152_count_631	gi|239584331|gb|FJ426427.1|	86.861	411	54	0	1	411	242	652	5.30e-125	460	468668	Pleuretra lineata
ASV152_count_631	gi|134141652|gb|EF173190.1|	86.618	411	55	0	1	411	242	652	2.46e-123	455	433701	Adineta sp. AN.2.1
ASV152_count_631	gi|134141654|gb|EF173191.1|	86.618	411	55	0	1	411	242	652	2.46e-123	455	433702	Adineta sp. AN.2.2
ASV152_count_631	gi|2445153807|gb|OQ445492.1|	87.065	402	52	0	1	402	245	646	2.46e-123	455	3028285	Habrotrocha sp. B12
ASV152_count_631	gi|134141658|gb|EF173193.1|	86.618	411	55	0	1	411	215	625	2.46e-123	455	433704	Adineta sp. AN.2.4
ASV152_count_631	gi|239584329|gb|FJ426426.1|	86.618	411	55	0	1	411	242	652	2.46e-123	455	468668	Pleuretra lineata
ASV152_count_631	gi|659495575|gb|KJ543643.1|	86.700	406	54	0	1	406	245	650	3.19e-122	451	1511448	Bdelloidea sp. Bd30_01
ASV152_count_631	gi|2445153809|gb|OQ445493.1|	87.000	400	52	0	1	400	245	644	3.19e-122	451	3028286	Habrotrocha sp. C05
ASV152_count_631	gi|2445153817|gb|OQ445497.1|	87.000	400	52	0	1	400	245	644	3.19e-122	451	3028290	Habrotrocha sp. C04
ASV152_count_631	gi|2445153819|gb|OQ445498.1|	87.000	400	52	0	1	400	245	644	3.19e-122	451	3028291	Habrotrocha sp. C02
ASV154_count_631	gi|301068902|gb|GQ465632.1|	87.835	411	50	0	1	411	57	467	1.13e-131	483	104782	Adineta vaga
ASV154_count_631	gi|301068894|gb|GQ465628.1|	87.835	411	50	0	1	411	51	461	1.13e-131	483	104782	Adineta vaga
ASV154_count_631	gi|239584331|gb|FJ426427.1|	87.621	412	49	2	1	411	242	652	5.26e-130	477	468668	Pleuretra lineata
ASV154_count_631	gi|301068896|gb|GQ465629.1|	87.591	411	51	0	1	411	15	425	5.26e-130	477	104782	Adineta vaga
ASV154_count_631	gi|659495617|gb|KJ543664.1|	87.591	411	51	0	1	411	245	655	5.26e-130	477	1511469	Bdelloidea sp. Bd39_01
ASV154_count_631	gi|703599978|gb|KM043196.1|	87.591	411	51	0	1	411	257	667	5.26e-130	477	468659	Macrotrachela papillosa
ASV154_count_631	gi|301068900|gb|GQ465631.1|	87.348	411	52	0	1	411	57	467	2.45e-128	472	104782	Adineta vaga
ASV154_count_631	gi|134141720|gb|EF173224.1|	87.348	411	52	0	1	411	242	652	2.45e-128	472	104782	Adineta vaga
ASV154_count_631	gi|239584329|gb|FJ426426.1|	87.379	412	50	2	1	411	242	652	2.45e-128	472	468668	Pleuretra lineata
ASV154_count_631	gi|659495575|gb|KJ543643.1|	87.469	407	49	2	1	406	245	650	3.16e-127	468	1511448	Bdelloidea sp. Bd30_01
ASV157_count_606	gi|1269005182|gb|KX977412.1|	90.323	62	6	0	156	217	397	458	4.74e-11	82.4	332664	Dacnomys millardi
ASV157_count_606	gi|2811956671|gb|PQ407081.1|	90.323	62	6	0	156	217	404	465	4.74e-11	82.4	3120608	Spirobolida sp.
ASV157_count_606	gi|2811956613|gb|PQ407052.1|	90.323	62	6	0	156	217	404	465	4.74e-11	82.4	3120608	Spirobolida sp.
ASV157_count_606	gi|1269005184|gb|KX977413.1|	90.323	62	6	0	156	217	397	458	4.74e-11	82.4	332664	Dacnomys millardi
ASV157_count_606	gi|2814123043|gb|PQ434869.1|	88.889	63	7	0	156	218	380	442	6.13e-10	78.7	3366711	Hylarana montosa
ASV157_count_606	gi|2814123033|gb|PQ434864.1|	88.889	63	7	0	156	218	380	442	6.13e-10	78.7	3366711	Hylarana montosa
ASV157_count_606	gi|2814123047|gb|PQ434871.1|	88.889	63	7	0	156	218	380	442	6.13e-10	78.7	3366711	Hylarana montosa
ASV157_count_606	gi|2814123051|gb|PQ434873.1|	88.889	63	7	0	156	218	380	442	6.13e-10	78.7	3366711	Hylarana montosa
ASV157_count_606	gi|1269005178|gb|KX977410.1|	88.710	62	7	0	156	217	397	458	2.21e-09	76.8	332664	Dacnomys millardi
ASV157_count_606	gi|1269005186|gb|KX977414.1|	88.710	62	7	0	156	217	462	523	2.21e-09	76.8	332664	Dacnomys millardi
ASV160_count_596	gi|1593517331|gb|CP037913.1|	92.040	402	32	0	1	402	3585773	3586174	1.06e-156	566	1523415	Sphingomonas sp. AAP5
ASV160_count_596	gi|2174742726|gb|CP090059.1|	92.000	400	32	0	1	400	752859	752460	1.38e-155	562	2899123	Sphingomonas cannabina
ASV160_count_596	gi|2457531060|gb|CP119315.1|	91.045	402	36	0	1	402	1127471	1127070	4.99e-150	544	3121369	Candidatus Sphingomonas colombiensis
ASV160_count_596	gi|695169020|gb|CP009571.1|	91.304	391	34	0	12	402	3366906	3366516	3.00e-147	534	1549858	Sphingomonas taxi
ASV160_count_596	gi|1899794700|gb|CP061038.1|	90.571	403	36	2	1	402	4109058	4109459	1.08e-146	532	653931	Sphingomonas alpina
ASV160_count_596	gi|2290416052|gb|CP096971.1|	90.547	402	38	0	1	402	2702966	2703367	1.08e-146	532	2937788	Sphingomonas sp. SUN019
ASV160_count_596	gi|1061224965|gb|CP014168.1|	90.323	403	37	2	1	402	651935	651534	5.02e-145	527	1560345	Sphingomonas panacis
ASV160_count_596	gi|1855710909|gb|CP050137.1|	90.299	402	39	0	1	402	643377	642976	5.02e-145	527	2653203	Sphingomonas sp. CL5.1
ASV160_count_596	gi|2429051945|gb|CP115900.1|	90.816	392	34	2	12	402	42567	42177	6.50e-144	523	3018036	Sphingomonas sp. CV7422
ASV160_count_596	gi|2250064321|gb|CP098401.1|	90.074	403	38	2	1	402	2120622	2121023	2.34e-143	521	2949093	Sphingomonas donggukensis
ASV161_count_592	gi|134141686|gb|EF173207.1|	89.294	411	44	0	1	411	242	652	1.11e-141	516	433715	Adineta sp. FR.4
ASV161_count_592	gi|134141712|gb|EF173220.1|	88.808	411	46	0	1	411	158	568	2.41e-138	505	104782	Adineta vaga
ASV161_count_592	gi|134141780|gb|EF173254.1|	88.808	411	46	0	1	411	242	652	2.41e-138	505	104782	Adineta vaga
ASV161_count_592	gi|134141788|gb|EF173258.1|	88.564	411	47	0	1	411	213	623	1.12e-136	499	104782	Adineta vaga
ASV161_count_592	gi|134141682|gb|EF173205.1|	88.564	411	47	0	1	411	242	652	1.12e-136	499	433713	Adineta sp. FR.3.1
ASV161_count_592	gi|134141684|gb|EF173206.1|	88.537	410	47	0	1	410	242	651	4.04e-136	497	433714	Adineta sp. FR.3.2
ASV161_count_592	gi|134141776|gb|EF173252.1|	88.321	411	48	0	1	411	242	652	5.22e-135	494	104782	Adineta vaga
ASV161_count_592	gi|134141754|gb|EF173241.1|	88.321	411	48	0	1	411	116	526	5.22e-135	494	104782	Adineta vaga
ASV161_count_592	gi|1509790295|gb|MH251808.1|	88.078	411	49	0	1	411	165	575	2.43e-133	488	468654	Habrotrocha lata
ASV161_count_592	gi|157365336|gb|EF650528.1|	88.078	411	49	0	1	411	242	652	2.43e-133	488	317506	Bdelloidea environmental sample
ASV163_count_586	gi|2264479467|gb|OL549126.1|	87.629	388	48	0	1	388	252	639	3.16e-122	451	2962151	Plagiopyxis callida
ASV163_count_586	gi|2264479483|gb|OL549142.1|	85.567	388	56	0	1	388	252	639	6.94e-109	407	2507077	Centropyxis aculeata
ASV164_count_584	gi|2874254073|emb|OY970156.1|	85.132	417	42	17	1	408	1191679	1191274	1.93e-109	409	153809	uncultured Pseudomonadota bacterium
ASV165_count_581	gi|2264479483|gb|OL549142.1|	87.179	390	48	2	1	389	252	640	1.90e-119	442	2507077	Centropyxis aculeata
ASV166_count_580	gi|2442382053|gb|ON540725.1|	100.000	408	0	0	1	408	182	589	0.0	754	880414	Phytophthora thermophila
ASV166_count_580	gi|401064801|gb|JX272333.1|	100.000	408	0	0	1	408	190	597	0.0	754	1216510	Phytophthora thermophila x Phytophthora amnicola
ASV166_count_580	gi|401064799|gb|JX272332.1|	100.000	408	0	0	1	408	183	590	0.0	754	1216510	Phytophthora thermophila x Phytophthora amnicola
ASV166_count_580	gi|2442382051|gb|ON540724.1|	100.000	408	0	0	1	408	182	589	0.0	754	880414	Phytophthora thermophila
ASV166_count_580	gi|310770259|gb|HQ012871.1|	100.000	408	0	0	1	408	240	647	0.0	754	880414	Phytophthora thermophila
ASV166_count_580	gi|2843530953|gb|PQ231502.1|	100.000	408	0	0	1	408	269	676	0.0	754	3297560	Phytophthora sp. 'thermophila x amnicola'
ASV166_count_580	gi|310770255|gb|HQ012869.1|	100.000	408	0	0	1	408	240	647	0.0	754	880414	Phytophthora thermophila
ASV166_count_580	gi|310770261|gb|HQ012872.1|	100.000	408	0	0	1	408	240	647	0.0	754	880414	Phytophthora thermophila
ASV166_count_580	gi|507480218|gb|KC855156.1|	100.000	408	0	0	1	408	230	637	0.0	754	1329268	Phytophthora sp. xWS
ASV166_count_580	gi|1590488741|gb|MG931483.1|	100.000	408	0	0	1	408	269	676	0.0	754	880414	Phytophthora thermophila
ASV167_count_577	gi|703599978|gb|KM043196.1|	89.538	411	43	0	1	411	257	667	2.39e-143	521	468659	Macrotrachela papillosa
ASV167_count_577	gi|659495587|gb|KJ543649.1|	89.051	411	45	0	1	411	90	500	5.18e-140	510	1511454	Bdelloidea sp. Bd32_02
ASV167_count_577	gi|703599946|gb|KM043180.1|	88.564	411	47	0	1	411	257	667	1.12e-136	499	104782	Adineta vaga
ASV167_count_577	gi|157365252|gb|EF650486.1|	88.564	411	47	0	1	411	242	652	1.12e-136	499	468654	Habrotrocha lata
ASV167_count_577	gi|2445153809|gb|OQ445493.1|	89.196	398	43	0	1	398	245	642	4.04e-136	497	3028286	Habrotrocha sp. C05
ASV167_count_577	gi|2445153817|gb|OQ445497.1|	89.196	398	43	0	1	398	245	642	4.04e-136	497	3028290	Habrotrocha sp. C04
ASV167_count_577	gi|2445153807|gb|OQ445492.1|	89.196	398	43	0	1	398	245	642	4.04e-136	497	3028285	Habrotrocha sp. B12
ASV167_count_577	gi|2445153819|gb|OQ445498.1|	89.196	398	43	0	1	398	245	642	4.04e-136	497	3028291	Habrotrocha sp. C02
ASV167_count_577	gi|1229626352|gb|MF503437.1|	88.321	411	48	0	1	411	242	652	5.22e-135	494	433698	Adineta grandis
ASV167_count_577	gi|1229626344|gb|MF503433.1|	88.321	411	48	0	1	411	245	655	5.22e-135	494	433698	Adineta grandis
ASV169_count_575	gi|2320776884|gb|CP075528.1|	88.308	402	41	6	1	399	1467961	1468359	5.09e-130	477	1894999	Enhydrobacter sp.
ASV169_count_575	gi|2515462020|gb|CP126889.1|	86.881	404	43	10	1	399	356126	355728	5.16e-120	444	1894999	Enhydrobacter sp.
ASV169_count_575	gi|1952965593|dbj|AP024269.1|	88.087	277	29	4	125	399	1327110	1327384	1.95e-84	326	2795690	Kaistia sp. 32K
ASV169_count_575	gi|2076438840|gb|CP075369.1|	87.726	277	31	3	123	397	323369	323644	9.08e-83	320	2021379	Xanthobacteraceae bacterium
ASV169_count_575	gi|1697102039|gb|CP041243.1|	87.455	279	32	3	123	399	2820455	2820178	3.26e-82	318	2591463	Brevundimonas sp. M20
ASV170_count_573	gi|2871496913|gb|PP136965.1|	99.020	408	4	0	1	408	246	653	0.0	732	3386361	Pristina sp. CEE
ASV170_count_573	gi|2871496923|gb|PP136970.1|	96.078	408	16	0	1	408	246	653	0.0	665	3386361	Pristina sp. CEE
ASV170_count_573	gi|2871496915|gb|PP136966.1|	95.833	408	17	0	1	408	246	653	0.0	660	3386361	Pristina sp. CEE
ASV170_count_573	gi|2871496911|gb|PP136964.1|	95.813	406	17	0	3	408	247	652	0.0	656	3386361	Pristina sp. CEE
ASV170_count_573	gi|2871496919|gb|PP136968.1|	95.098	408	20	0	1	408	246	653	4.86e-180	643	3386361	Pristina sp. CEE
ASV170_count_573	gi|2871496789|gb|PP136903.1|	90.299	402	37	2	7	407	252	652	1.84e-144	525	3386437	Pristina bilobata complex sp. CEA
ASV170_count_573	gi|2871496765|gb|PP136891.1|	89.552	402	42	0	7	408	252	653	5.14e-140	510	3386437	Pristina bilobata complex sp. CEA
ASV170_count_573	gi|2871496773|gb|PP136895.1|	89.552	402	42	0	7	408	252	653	5.14e-140	510	3386437	Pristina bilobata complex sp. CEA
ASV170_count_573	gi|2871496781|gb|PP136899.1|	89.303	402	43	0	7	408	252	653	6.65e-139	507	3386437	Pristina bilobata complex sp. CEA
ASV170_count_573	gi|2871496767|gb|PP136892.1|	88.509	409	45	2	1	408	246	653	5.18e-135	494	3386437	Pristina bilobata complex sp. CEA
ASV171_count_567	gi|1274810085|gb|MF983680.1|	94.363	408	23	0	1	408	246	653	4.89e-175	627	2052429	Spherillo sp. FLMNH 42123
ASV171_count_567	gi|926457730|dbj|LC027527.1|	96.011	376	15	0	1	376	203	578	3.81e-171	614	1614666	Spherillo sp. shi-1
ASV171_count_567	gi|951215729|dbj|LC054207.1|	96.477	369	13	0	1	369	203	571	4.93e-170	610	1652473	Spherillo sp. Kanzaki
ASV171_count_567	gi|951215721|dbj|LC054203.1|	95.979	373	15	0	1	373	197	569	4.93e-170	610	1652469	Spherillo sp. Tamano1
ASV171_count_567	gi|1881045764|emb|LR798809.1|	90.789	380	35	0	1	380	245	624	1.85e-139	508	77133	uncultured bacterium
ASV171_count_567	gi|2706542391|emb|OZ026454.1|	88.509	409	45	2	1	408	301328	300921	5.18e-135	494	3077948	Candidatus Mesenet endosymbiont of Agriotes lineatus
ASV171_count_567	gi|1049566478|gb|KU188331.1|	87.961	407	49	0	1	407	246	652	4.03e-131	481	1885609	Heterotarsus carinula
ASV171_count_567	gi|2571404244|gb|OR498628.1|	86.520	408	55	0	1	408	239	646	1.14e-121	449	2770408	Quedius obliqueseriatus
ASV171_count_567	gi|2571404242|gb|OR498627.1|	86.520	408	55	0	1	408	243	650	1.14e-121	449	2770408	Quedius obliqueseriatus
ASV171_count_567	gi|2571404236|gb|OR498624.1|	86.520	408	55	0	1	408	238	645	1.14e-121	449	2770408	Quedius obliqueseriatus
ASV172_count_563	gi|1855710909|gb|CP050137.1|	92.289	402	31	0	1	402	643377	642976	2.29e-158	571	2653203	Sphingomonas sp. CL5.1
ASV172_count_563	gi|2174742726|gb|CP090059.1|	93.059	389	27	0	12	400	752848	752460	8.23e-158	569	2899123	Sphingomonas cannabina
ASV172_count_563	gi|2429051945|gb|CP115900.1|	91.919	396	32	0	7	402	42572	42177	2.30e-153	555	3018036	Sphingomonas sp. CV7422
ASV172_count_563	gi|1061224965|gb|CP014168.1|	91.294	402	35	0	1	402	651935	651534	1.07e-151	549	1560345	Sphingomonas panacis
ASV172_count_563	gi|2290416052|gb|CP096971.1|	91.315	403	33	2	1	402	2702966	2703367	1.07e-151	549	2937788	Sphingomonas sp. SUN019
ASV172_count_563	gi|695169020|gb|CP009571.1|	91.414	396	34	0	7	402	3366911	3366516	4.99e-150	544	1549858	Sphingomonas taxi
ASV172_count_563	gi|1899794700|gb|CP061038.1|	91.603	393	29	4	12	402	4109069	4109459	6.45e-149	540	653931	Sphingomonas alpina
ASV172_count_563	gi|1441477124|gb|CP029985.1|	90.796	402	37	0	1	402	1083729	1084130	2.32e-148	538	2219696	Sphingomonas sp. FARSPH
ASV172_count_563	gi|2259957152|gb|CP098762.1|	90.793	391	36	0	12	402	655208	654818	6.50e-144	523	185951	Sphingomonas aerolata
ASV172_count_563	gi|1593517331|gb|CP037913.1|	90.793	391	36	0	12	402	3585784	3586174	6.50e-144	523	1523415	Sphingomonas sp. AAP5
ASV174_count_558	gi|411150965|gb|JX835126.1|	85.575	409	57	2	1	408	246	653	5.33e-115	427	1251548	Stigmaeidae sp. BOLD:AAU6270
ASV174_count_558	gi|1495347082|gb|MG310675.1|	85.753	372	51	2	3	373	248	618	1.94e-104	392	2461138	Triophtydeus sp. BIOUG24230-C10
ASV175_count_553	gi|254040907|gb|CP001678.1|	86.301	73	10	0	166	238	1100077	1100149	1.72e-10	80.5	582402	Hirschia baltica ATCC 49814
ASV176_count_549	gi|436432320|gb|KC146112.1|	91.071	336	30	0	3	338	112	447	2.44e-123	455	554025	Tardigrada environmental sample
ASV177_count_548	gi|2890137269|gb|PP180984.1|	85.714	406	58	0	3	408	248	653	1.48e-115	429	3394043	Fridericia deformis complex sp. L1
ASV180_count_535	gi|259880959|gb|GQ373452.1|	99.510	408	2	0	1	408	246	653	0.0	743	676284;1900700;3376863	Entomobryidae sp. DPCOL36332;Entomobryidae sp. sc_06710;Lepidocyrtus cf. nigrosetosus
ASV180_count_535	gi|259880969|gb|GQ373457.1|	99.510	408	2	0	1	408	224	631	0.0	743	676284	Entomobryidae sp. DPCOL36332
ASV180_count_535	gi|2843547685|gb|PQ539764.1|	99.510	408	2	0	1	408	96	503	0.0	743	3376863	Lepidocyrtus cf. nigrosetosus
ASV180_count_535	gi|2843547681|gb|PQ539762.1|	99.510	408	2	0	1	408	159	566	0.0	743	3376863	Lepidocyrtus cf. nigrosetosus
ASV180_count_535	gi|259880965|gb|GQ373455.1|	99.510	408	2	0	1	408	243	650	0.0	743	676284	Entomobryidae sp. DPCOL36332
ASV180_count_535	gi|2843547693|gb|PQ539768.1|	99.265	408	3	0	1	408	246	653	0.0	737	3376863	Lepidocyrtus cf. nigrosetosus
ASV180_count_535	gi|1927926152|gb|MW193972.1|	99.265	408	3	0	1	408	247	654	0.0	737	2783789	Lepidocyrtus (Setogaster) sp. 1 FGO-2020
ASV180_count_535	gi|259880967|gb|GQ373456.1|	99.487	390	2	0	7	396	1	390	0.0	710	676284	Entomobryidae sp. DPCOL36332
ASV180_count_535	gi|1274591549|gb|MF987864.1|	99.026	308	3	0	101	408	1	308	8.42e-153	553	2052505	Entomobryidae sp. 3 PMP-2017
ASV182_count_528	gi|301068838|gb|GQ465600.1|	89.294	411	44	0	1	411	235	645	1.11e-141	516	433720	Adineta steineri
ASV182_count_528	gi|134141712|gb|EF173220.1|	89.294	411	44	0	1	411	158	568	1.11e-141	516	104782	Adineta vaga
ASV182_count_528	gi|157365352|gb|EF650536.1|	89.104	413	41	4	1	411	215	625	5.18e-140	510	104788	Macrotrachela quadricornifera
ASV182_count_528	gi|157365408|gb|EF650564.1|	88.620	413	43	4	1	411	242	652	1.12e-136	499	317506	Bdelloidea environmental sample
ASV182_count_528	gi|301068942|gb|GQ465652.1|	88.564	411	47	0	1	411	236	646	1.12e-136	499	104782	Adineta vaga
ASV182_count_528	gi|659495607|gb|KJ543659.1|	88.564	411	47	0	1	411	245	655	1.12e-136	499	1511464	Bdelloidea sp. Bd34_02
ASV182_count_528	gi|659495587|gb|KJ543649.1|	88.564	411	47	0	1	411	90	500	1.12e-136	499	1511454	Bdelloidea sp. Bd32_02
ASV182_count_528	gi|659495605|gb|KJ543658.1|	88.537	410	47	0	1	410	245	654	4.04e-136	497	1511463	Bdelloidea sp. Bd34_01
ASV182_count_528	gi|109892359|gb|DQ656852.1|	89.196	398	43	0	1	398	242	639	4.04e-136	497	392033	Rotaria sordida
ASV182_count_528	gi|1005054389|gb|KU860605.1|	89.340	394	42	0	1	394	236	629	1.45e-135	496	1813169	Adineta vaga complex sp. F JFF-2016
ASV183_count_526	gi|2851385344|gb|CP173190.1|	85.610	410	55	4	1	408	1197130	1196723	5.33e-115	427	92933	Azospirillum doebereinerae
ASV183_count_526	gi|1626624145|gb|CP039650.1|	85.504	407	57	2	1	406	2751851	2751446	6.89e-114	424	709810	Azospirillum sp. TSA2s
ASV183_count_526	gi|1702191665|gb|CP030885.1|	85.258	407	58	2	1	406	3611827	3612232	3.21e-112	418	1898112	Rhodospirillaceae bacterium
